<?xml version="1.0" encoding="UTF-8"?>
<testsuite name="NumeralSystemConverterTest" tests="1" skipped="0" failures="0" errors="0" timestamp="2022-06-05T20:29:31" hostname="DESKTOP-LLHR15S" time="7.77">
  <properties/>
  <testcase name="start" classname="NumeralSystemConverterTest" time="7.77"/>
  <system-out><![CDATA[?[1;31m
Start test 1?[0m
Enter two numbers in format: {source base} {target base} (To quit type /exit
> /exit
?[1;31m
Start test 2?[0m
Enter two numbers in format: {source base} {target base} (To quit type /exit
> 10 2
Enter number in base 10 to convert to base 2 (To go back type /back
> 76
Conversion result: 1001100
Enter number in base 10 to convert to base 2 (To go back type /back
?[1;31m
Start test 3?[0m
Enter two numbers in format: {source base} {target base} (To quit type /exit
> 10 2
Enter number in base 10 to convert to base 2 (To go back type /back
> 703
Conversion result: 1010111111
Enter number in base 10 to convert to base 2 (To go back type /back
> /back
Enter two numbers in format: {source base} {target base} (To quit type /exit
> 10 8
Enter number in base 10 to convert to base 8 (To go back type /back
> 681
Conversion result: 1251
Enter number in base 10 to convert to base 8 (To go back type /back
> /back
Enter two numbers in format: {source base} {target base} (To quit type /exit
> /exit
?[1;31m
Start test 4?[0m
Enter two numbers in format: {source base} {target base} (To quit type /exit
> 2 2
Enter number in base 2 to convert to base 2 (To go back type /back
> 1001100100100100111101110001101000100110011011001
Conversion result: 1001100100100100111101110001101000100110011011001
Enter number in base 2 to convert to base 2 (To go back type /back
> /back
Enter two numbers in format: {source base} {target base} (To quit type /exit
> 2 5
Enter number in base 2 to convert to base 5 (To go back type /back
> 1001011010011110111010001101111100000000011010
Conversion result: 20411313414334410403
Enter number in base 2 to convert to base 5 (To go back type /back
> /back
Enter two numbers in format: {source base} {target base} (To quit type /exit
> 2 8
Enter number in base 2 to convert to base 8 (To go back type /back
> 1100001110101010011010100000100110110001101101010
Conversion result: 14165232404661552
Enter number in base 2 to convert to base 8 (To go back type /back
> /back
Enter two numbers in format: {source base} {target base} (To quit type /exit
> 2 11
Enter number in base 2 to convert to base 11 (To go back type /back
> 1111010110000000010011001001111110010001100110
Conversion result: 1A558351183A55
Enter number in base 2 to convert to base 11 (To go back type /back
> /back
Enter two numbers in format: {source base} {target base} (To quit type /exit
> 2 14
Enter number in base 2 to convert to base 14 (To go back type /back
> 1010110111100110001110100011001010100100110100110
Conversion result: 6A6096C3DC354
Enter number in base 2 to convert to base 14 (To go back type /back
> /back
Enter two numbers in format: {source base} {target base} (To quit type /exit
> 2 17
Enter number in base 2 to convert to base 17 (To go back type /back
> 1001101000001010110110100101111000001010010001011
Conversion result: 9F08011BGBD6
Enter number in base 2 to convert to base 17 (To go back type /back
> /back
Enter two numbers in format: {source base} {target base} (To quit type /exit
> 2 20
Enter number in base 2 to convert to base 20 (To go back type /back
> 1110011111000110110100110100010010110011111011
Conversion result: 648DD3BIC97
Enter number in base 2 to convert to base 20 (To go back type /back
> /back
Enter two numbers in format: {source base} {target base} (To quit type /exit
> 2 23
Enter number in base 2 to convert to base 23 (To go back type /back
> 1011010100010001100001100011110111100011100000111
Conversion result: 9E1BLKA1H58
Enter number in base 2 to convert to base 23 (To go back type /back
> /back
Enter two numbers in format: {source base} {target base} (To quit type /exit
> 2 26
Enter number in base 2 to convert to base 26 (To go back type /back
> 1000001110110100001000111100011000010111011101000
Conversion result: 218N16PHE72
Enter number in base 2 to convert to base 26 (To go back type /back
> /back
Enter two numbers in format: {source base} {target base} (To quit type /exit
> 2 29
Enter number in base 2 to convert to base 29 (To go back type /back
> 1000001010101001101000100010110100110111101010
Conversion result: 2DN3BP9N8P
Enter number in base 2 to convert to base 29 (To go back type /back
> /back
Enter two numbers in format: {source base} {target base} (To quit type /exit
> 2 32
Enter number in base 2 to convert to base 32 (To go back type /back
> 110001101000101001011100010000000100100100100
Conversion result: OQ55OG294
Enter number in base 2 to convert to base 32 (To go back type /back
> /back
Enter two numbers in format: {source base} {target base} (To quit type /exit
> 2 35
Enter number in base 2 to convert to base 35 (To go back type /back
> 1000000000001100100111100011101100101011000010011
Conversion result: 3K1ISSHD74
Enter number in base 2 to convert to base 35 (To go back type /back
> /back
Enter two numbers in format: {source base} {target base} (To quit type /exit
> 5 2
Enter number in base 5 to convert to base 2 (To go back type /back
> 313012043214032001203
Conversion result: 1001000000010100111100001100100001110011000001111
Enter number in base 5 to convert to base 2 (To go back type /back
> /back
Enter two numbers in format: {source base} {target base} (To quit type /exit
> 5 5
Enter number in base 5 to convert to base 5 (To go back type /back
> 244121320100110222331
Conversion result: 244121320100110222331
Enter number in base 5 to convert to base 5 (To go back type /back
> /back
Enter two numbers in format: {source base} {target base} (To quit type /exit
> 5 8
Enter number in base 5 to convert to base 8 (To go back type /back
> 1003011020300202112310
Conversion result: 15704102254227523
Enter number in base 5 to convert to base 8 (To go back type /back
> /back
Enter two numbers in format: {source base} {target base} (To quit type /exit
> 5 11
Enter number in base 5 to convert to base 11 (To go back type /back
> 313203202101130211000
Conversion result: 9244A0A8296510
Enter number in base 5 to convert to base 11 (To go back type /back
> /back
Enter two numbers in format: {source base} {target base} (To quit type /exit
> 5 14
Enter number in base 5 to convert to base 14 (To go back type /back
> 301330130241200232243
Conversion result: 523B687185A0B
Enter number in base 5 to convert to base 14 (To go back type /back
> /back
Enter two numbers in format: {source base} {target base} (To quit type /exit
> 5 17
Enter number in base 5 to convert to base 17 (To go back type /back
> 133014444032040300103
Conversion result: 4D8D5018244A
Enter number in base 5 to convert to base 17 (To go back type /back
> /back
Enter two numbers in format: {source base} {target base} (To quit type /exit
> 5 20
Enter number in base 5 to convert to base 20 (To go back type /back
> 244301303444030340304
Conversion result: 17FI44D8EAG9
Enter number in base 5 to convert to base 20 (To go back type /back
> /back
Enter two numbers in format: {source base} {target base} (To quit type /exit
> 5 23
Enter number in base 5 to convert to base 23 (To go back type /back
> 220431313112102301403
Conversion result: 5E14AF3K15F
Enter number in base 5 to convert to base 23 (To go back type /back
> /back
Enter two numbers in format: {source base} {target base} (To quit type /exit
> 5 26
Enter number in base 5 to convert to base 26 (To go back type /back
> 402301431413004321141
Conversion result: 2K2D2352GBK
Enter number in base 5 to convert to base 26 (To go back type /back
> /back
Enter two numbers in format: {source base} {target base} (To quit type /exit
> 5 29
Enter number in base 5 to convert to base 29 (To go back type /back
> 412102124142400423130
Conversion result: S5HJFSK0RA
Enter number in base 5 to convert to base 29 (To go back type /back
> /back
Enter two numbers in format: {source base} {target base} (To quit type /exit
> 5 32
Enter number in base 5 to convert to base 32 (To go back type /back
> 300001334433230233321
Conversion result: 8487H56OPV
Enter number in base 5 to convert to base 32 (To go back type /back
> /back
Enter two numbers in format: {source base} {target base} (To quit type /exit
> 5 35
Enter number in base 5 to convert to base 35 (To go back type /back
> 342101100144113132403
Conversion result: 4ONKM1VIC8
Enter number in base 5 to convert to base 35 (To go back type /back
> /back
Enter two numbers in format: {source base} {target base} (To quit type /exit
> 8 2
Enter number in base 8 to convert to base 2 (To go back type /back
> 424136742625040
Conversion result: 100010100001011110111100010110010101000100000
Enter number in base 8 to convert to base 2 (To go back type /back
> /back
Enter two numbers in format: {source base} {target base} (To quit type /exit
> 8 5
Enter number in base 8 to convert to base 5 (To go back type /back
> 10377673606702312
Conversion result: 303144231243033323402
Enter number in base 8 to convert to base 5 (To go back type /back
> /back
Enter two numbers in format: {source base} {target base} (To quit type /exit
> 8 8
Enter number in base 8 to convert to base 8 (To go back type /back
> 11112661711071777
Conversion result: 11112661711071777
Enter number in base 8 to convert to base 8 (To go back type /back
> /back
Enter two numbers in format: {source base} {target base} (To quit type /exit
> 8 11
Enter number in base 8 to convert to base 11 (To go back type /back
> 10355136231361135
Conversion result: 86975342417407
Enter number in base 8 to convert to base 11 (To go back type /back
> /back
Enter two numbers in format: {source base} {target base} (To quit type /exit
> 8 14
Enter number in base 8 to convert to base 14 (To go back type /back
> 2375074736463051
Conversion result: 1795A6C737397
Enter number in base 8 to convert to base 14 (To go back type /back
> /back
Enter two numbers in format: {source base} {target base} (To quit type /exit
> 8 17
Enter number in base 8 to convert to base 17 (To go back type /back
> 6533132022521750
Conversion result: 6E95FEE53BAE
Enter number in base 8 to convert to base 17 (To go back type /back
> /back
Enter two numbers in format: {source base} {target base} (To quit type /exit
> 8 20
Enter number in base 8 to convert to base 20 (To go back type /back
> 113575015030546
Conversion result: A369E21546
Enter number in base 8 to convert to base 20 (To go back type /back
> /back
Enter two numbers in format: {source base} {target base} (To quit type /exit
> 8 23
Enter number in base 8 to convert to base 23 (To go back type /back
> 4676512420151360
Conversion result: 43427MDLM64
Enter number in base 8 to convert to base 23 (To go back type /back
> /back
Enter two numbers in format: {source base} {target base} (To quit type /exit
> 8 26
Enter number in base 8 to convert to base 26 (To go back type /back
> 1253625610107654
Conversion result: 8H0C5GJO6O
Enter number in base 8 to convert to base 26 (To go back type /back
> /back
Enter two numbers in format: {source base} {target base} (To quit type /exit
> 8 29
Enter number in base 8 to convert to base 29 (To go back type /back
> 11253041243760461
Conversion result: MIEJJL4GHJ
Enter number in base 8 to convert to base 29 (To go back type /back
> /back
Enter two numbers in format: {source base} {target base} (To quit type /exit
> 8 32
Enter number in base 8 to convert to base 32 (To go back type /back
> 4754517571242653
Conversion result: 4UP9UUAHDB
Enter number in base 8 to convert to base 32 (To go back type /back
> /back
Enter two numbers in format: {source base} {target base} (To quit type /exit
> 8 35
Enter number in base 8 to convert to base 35 (To go back type /back
> 14513447170227347
Conversion result: 5MLF1MLI7D
Enter number in base 8 to convert to base 35 (To go back type /back
> /back
Enter two numbers in format: {source base} {target base} (To quit type /exit
> 11 2
Enter number in base 11 to convert to base 2 (To go back type /back
> 119652951777531
Conversion result: 1100101000010011000101111100010000011111010111011
Enter number in base 11 to convert to base 2 (To go back type /back
> /back
Enter two numbers in format: {source base} {target base} (To quit type /exit
> 11 5
Enter number in base 11 to convert to base 5 (To go back type /back
> 547aa0492559a4
Conversion result: 144032114442002032014
Enter number in base 11 to convert to base 5 (To go back type /back
> /back
Enter two numbers in format: {source base} {target base} (To quit type /exit
> 11 8
Enter number in base 11 to convert to base 8 (To go back type /back
> 116829760080850
Conversion result: 14300620170412267
Enter number in base 11 to convert to base 8 (To go back type /back
> /back
Enter two numbers in format: {source base} {target base} (To quit type /exit
> 11 11
Enter number in base 11 to convert to base 11 (To go back type /back
> 758a52539183a9
Conversion result: 758A52539183A9
Enter number in base 11 to convert to base 11 (To go back type /back
> /back
Enter two numbers in format: {source base} {target base} (To quit type /exit
> 11 14
Enter number in base 11 to convert to base 14 (To go back type /back
> 52a32966a23613
Conversion result: 32C8756BA2B30
Enter number in base 11 to convert to base 14 (To go back type /back
> /back
Enter two numbers in format: {source base} {target base} (To quit type /exit
> 11 17
Enter number in base 11 to convert to base 17 (To go back type /back
> 10999339aa51224
Conversion result: BGD26107G890
Enter number in base 11 to convert to base 17 (To go back type /back
> /back
Enter two numbers in format: {source base} {target base} (To quit type /exit
> 11 20
Enter number in base 11 to convert to base 20 (To go back type /back
> a391a6a2951662
Conversion result: 1EHFA69B4I9A
Enter number in base 11 to convert to base 20 (To go back type /back
> /back
Enter two numbers in format: {source base} {target base} (To quit type /exit
> 11 23
Enter number in base 11 to convert to base 23 (To go back type /back
> 11694574a139668
Conversion result: ABLJ71184A4
Enter number in base 11 to convert to base 23 (To go back type /back
> /back
Enter two numbers in format: {source base} {target base} (To quit type /exit
> 11 26
Enter number in base 11 to convert to base 26 (To go back type /back
> 822653208a1904
Conversion result: 2043BNIPLI0
Enter number in base 11 to convert to base 26 (To go back type /back
> /back
Enter two numbers in format: {source base} {target base} (To quit type /exit
> 11 29
Enter number in base 11 to convert to base 29 (To go back type /back
> 1254a6111034a25
Conversion result: 133A0O3H47P
Enter number in base 11 to convert to base 29 (To go back type /back
> /back
Enter two numbers in format: {source base} {target base} (To quit type /exit
> 11 32
Enter number in base 11 to convert to base 32 (To go back type /back
> 107811842649a06
Conversion result: BFERIIMMJJ
Enter number in base 11 to convert to base 32 (To go back type /back
> /back
Enter two numbers in format: {source base} {target base} (To quit type /exit
> 11 35
Enter number in base 11 to convert to base 35 (To go back type /back
> 809a1929a5a989
Conversion result: 3IVKO23804
Enter number in base 11 to convert to base 35 (To go back type /back
> /back
Enter two numbers in format: {source base} {target base} (To quit type /exit
> 14 2
Enter number in base 14 to convert to base 2 (To go back type /back
> 457d34446b6d0
Conversion result: 111000101100000110111101010101011111111100010110
Enter number in base 14 to convert to base 2 (To go back type /back
> /back
Enter two numbers in format: {source base} {target base} (To quit type /exit
> 14 5
Enter number in base 14 to convert to base 5 (To go back type /back
> 798666d600408
Conversion result: 424103321140120022444
Enter number in base 14 to convert to base 5 (To go back type /back
> /back
Enter two numbers in format: {source base} {target base} (To quit type /exit
> 14 8
Enter number in base 14 to convert to base 8 (To go back type /back
> b3262863d4d0
Conversion result: 1225450756076616
Enter number in base 14 to convert to base 8 (To go back type /back
> /back
Enter two numbers in format: {source base} {target base} (To quit type /exit
> 14 11
Enter number in base 14 to convert to base 11 (To go back type /back
> 6484a523baac5
Conversion result: A4353096936641
Enter number in base 14 to convert to base 11 (To go back type /back
> /back
Enter two numbers in format: {source base} {target base} (To quit type /exit
> 14 14
Enter number in base 14 to convert to base 14 (To go back type /back
> 481155256c6bb
Conversion result: 481155256C6BB
Enter number in base 14 to convert to base 14 (To go back type /back
> /back
Enter two numbers in format: {source base} {target base} (To quit type /exit
> 14 17
Enter number in base 14 to convert to base 17 (To go back type /back
> 2525b88b765bb
Conversion result: 3FAD5G6D5DF7
Enter number in base 14 to convert to base 17 (To go back type /back
> /back
Enter two numbers in format: {source base} {target base} (To quit type /exit
> 14 20
Enter number in base 14 to convert to base 20 (To go back type /back
> 5a02d87dad129
Conversion result: 1BCH5G023H8H
Enter number in base 14 to convert to base 20 (To go back type /back
> /back
Enter two numbers in format: {source base} {target base} (To quit type /exit
> 14 23
Enter number in base 14 to convert to base 23 (To go back type /back
> 36699c03c3ad5
Conversion result: 4GMJL3KF6D4
Enter number in base 14 to convert to base 23 (To go back type /back
> /back
Enter two numbers in format: {source base} {target base} (To quit type /exit
> 14 26
Enter number in base 14 to convert to base 26 (To go back type /back
> 60457ca1c6056
Conversion result: 2AN0AAOLHHM
Enter number in base 14 to convert to base 26 (To go back type /back
> /back
Enter two numbers in format: {source base} {target base} (To quit type /exit
> 14 29
Enter number in base 14 to convert to base 29 (To go back type /back
> 55712d115ba79
Conversion result: L26M0P9C28
Enter number in base 14 to convert to base 29 (To go back type /back
> /back
Enter two numbers in format: {source base} {target base} (To quit type /exit
> 14 32
Enter number in base 14 to convert to base 32 (To go back type /back
> 20601bc30a0
Conversion result: H3178OAK
Enter number in base 14 to convert to base 32 (To go back type /back
> /back
Enter two numbers in format: {source base} {target base} (To quit type /exit
> 14 35
Enter number in base 14 to convert to base 35 (To go back type /back
> 7cca2309ca4a1
Conversion result: 5OFOD9U06T
Enter number in base 14 to convert to base 35 (To go back type /back
> /back
Enter two numbers in format: {source base} {target base} (To quit type /exit
> 17 2
Enter number in base 17 to convert to base 2 (To go back type /back
> 2c2a5b7gc8c1
Conversion result: 10101001001111110111001000011101101100111100010
Enter number in base 17 to convert to base 2 (To go back type /back
> /back
Enter two numbers in format: {source base} {target base} (To quit type /exit
> 17 5
Enter number in base 17 to convert to base 5 (To go back type /back
> 1ef477c9e4c5
Conversion result: 31412040322332104302
Enter number in base 17 to convert to base 5 (To go back type /back
> /back
Enter two numbers in format: {source base} {target base} (To quit type /exit
> 17 8
Enter number in base 17 to convert to base 8 (To go back type /back
> ce23d9f8eg88
Conversion result: 14377153316213372
Enter number in base 17 to convert to base 8 (To go back type /back
> /back
Enter two numbers in format: {source base} {target base} (To quit type /exit
> 17 11
Enter number in base 17 to convert to base 11 (To go back type /back
> 78d1fde0227c
Conversion result: 750908283363A6
Enter number in base 17 to convert to base 11 (To go back type /back
> /back
Enter two numbers in format: {source base} {target base} (To quit type /exit
> 17 14
Enter number in base 17 to convert to base 14 (To go back type /back
> 659fd5453e98
Conversion result: 3B7B683D24D0C
Enter number in base 17 to convert to base 14 (To go back type /back
> /back
Enter two numbers in format: {source base} {target base} (To quit type /exit
> 17 17
Enter number in base 17 to convert to base 17 (To go back type /back
> 80aac3cc30g
Conversion result: 80AAC3CC30G
Enter number in base 17 to convert to base 17 (To go back type /back
> /back
Enter two numbers in format: {source base} {target base} (To quit type /exit
> 17 20
Enter number in base 17 to convert to base 20 (To go back type /back
> 8c1cce5d0dg8
Conversion result: 1933192CB88I
Enter number in base 17 to convert to base 20 (To go back type /back
> /back
Enter two numbers in format: {source base} {target base} (To quit type /exit
> 17 23
Enter number in base 17 to convert to base 23 (To go back type /back
> 7g771778e0c6
Conversion result: 6DDDFKIKIIA
Enter number in base 17 to convert to base 23 (To go back type /back
> /back
Enter two numbers in format: {source base} {target base} (To quit type /exit
> 17 26
Enter number in base 17 to convert to base 26 (To go back type /back
> 82f3c2a34a5a
Conversion result: 1PEMMAK2260
Enter number in base 17 to convert to base 26 (To go back type /back
> /back
Enter two numbers in format: {source base} {target base} (To quit type /exit
> 17 29
Enter number in base 17 to convert to base 29 (To go back type /back
> 3515ab641d46
Conversion result: 7MSP9BHNHM
Enter number in base 17 to convert to base 29 (To go back type /back
> /back
Enter two numbers in format: {source base} {target base} (To quit type /exit
> 17 32
Enter number in base 17 to convert to base 32 (To go back type /back
> 1ea2297bb9a6
Conversion result: 1PTQ59A3BC
Enter number in base 17 to convert to base 32 (To go back type /back
> /back
Enter two numbers in format: {source base} {target base} (To quit type /exit
> 17 35
Enter number in base 17 to convert to base 35 (To go back type /back
> 3f06ag368245
Conversion result: 1O3Q98J21V
Enter number in base 17 to convert to base 35 (To go back type /back
> /back
Enter two numbers in format: {source base} {target base} (To quit type /exit
> /exit
?[1;31m
Start test 5?[0m
Enter two numbers in format: {source base} {target base} (To quit type /exit
> 19 2
Enter number in base 19 to convert to base 2 (To go back type /back
> 2bggg7a601ie
Conversion result: 1000101100011000001001010101010100010101011001001
Enter number in base 19 to convert to base 2 (To go back type /back
> /back
Enter two numbers in format: {source base} {target base} (To quit type /exit
> 19 5
Enter number in base 19 to convert to base 5 (To go back type /back
> 3ac482fa91b6
Conversion result: 413324404301311031410
Enter number in base 19 to convert to base 5 (To go back type /back
> /back
Enter two numbers in format: {source base} {target base} (To quit type /exit
> 19 8
Enter number in base 19 to convert to base 8 (To go back type /back
> 2521gbd8342c
Conversion result: 7406205606072223
Enter number in base 19 to convert to base 8 (To go back type /back
> /back
Enter two numbers in format: {source base} {target base} (To quit type /exit
> 19 11
Enter number in base 19 to convert to base 11 (To go back type /back
> 28457gh7eb21
Conversion result: 82338290334539
Enter number in base 19 to convert to base 11 (To go back type /back
> /back
Enter two numbers in format: {source base} {target base} (To quit type /exit
> 19 14
Enter number in base 19 to convert to base 14 (To go back type /back
> 34hdf6ed9d5d
Conversion result: 69AA45CD842B9
Enter number in base 19 to convert to base 14 (To go back type /back
> /back
Enter two numbers in format: {source base} {target base} (To quit type /exit
> 19 17
Enter number in base 19 to convert to base 17 (To go back type /back
> 3adcb4cc5g65
Conversion result: C1G205484E8F
Enter number in base 19 to convert to base 17 (To go back type /back
> /back
Enter two numbers in format: {source base} {target base} (To quit type /exit
> 19 20
Enter number in base 19 to convert to base 20 (To go back type /back
> 2h09hd8hba6d
Conversion result: 1CIIG0E60EDF
Enter number in base 19 to convert to base 20 (To go back type /back
> /back
Enter two numbers in format: {source base} {target base} (To quit type /exit
> 19 23
Enter number in base 19 to convert to base 23 (To go back type /back
> 11i4chfgi6fg
Conversion result: 32805L4KJ38
Enter number in base 19 to convert to base 23 (To go back type /back
> /back
Enter two numbers in format: {source base} {target base} (To quit type /exit
> 19 26
Enter number in base 19 to convert to base 26 (To go back type /back
> 3a1d02g26150
Conversion result: 2NJHPOI5PPJ
Enter number in base 19 to convert to base 26 (To go back type /back
> /back
Enter two numbers in format: {source base} {target base} (To quit type /exit
> 19 29
Enter number in base 19 to convert to base 29 (To go back type /back
> 198f556egcf1
Conversion result: C0OII9KGQ2
Enter number in base 19 to convert to base 29 (To go back type /back
> /back
Enter two numbers in format: {source base} {target base} (To quit type /exit
> 19 32
Enter number in base 19 to convert to base 32 (To go back type /back
> 42138ahhgcbg
Conversion result: DJ974OVUPN
Enter number in base 19 to convert to base 32 (To go back type /back
> /back
Enter two numbers in format: {source base} {target base} (To quit type /exit
> 19 35
Enter number in base 19 to convert to base 35 (To go back type /back
> 11hb6hbic78c
Conversion result: 1LY427UJV6
Enter number in base 19 to convert to base 35 (To go back type /back
> /back
Enter two numbers in format: {source base} {target base} (To quit type /exit
> 22 2
Enter number in base 22 to convert to base 2 (To go back type /back
> 1dh5j9gf0eh
Conversion result: 1001110100101010111111001100011011110111001101
Enter number in base 22 to convert to base 2 (To go back type /back
> /back
Enter two numbers in format: {source base} {target base} (To quit type /exit
> 22 5
Enter number in base 22 to convert to base 5 (To go back type /back
> 195645h5f5k
Conversion result: 14420411134144103233
Enter number in base 22 to convert to base 5 (To go back type /back
> /back
Enter two numbers in format: {source base} {target base} (To quit type /exit
> 22 8
Enter number in base 22 to convert to base 8 (To go back type /back
> b98j45ii457
Conversion result: 10500530445536065
Enter number in base 22 to convert to base 8 (To go back type /back
> /back
Enter two numbers in format: {source base} {target base} (To quit type /exit
> 22 11
Enter number in base 22 to convert to base 11 (To go back type /back
> 2669hkalg9g
Conversion result: 1838A0236A8A85
Enter number in base 22 to convert to base 11 (To go back type /back
> /back
Enter two numbers in format: {source base} {target base} (To quit type /exit
> 22 14
Enter number in base 22 to convert to base 14 (To go back type /back
> 4ch4kecdjb2
Conversion result: 2208D6952C572
Enter number in base 22 to convert to base 14 (To go back type /back
> /back
Enter two numbers in format: {source base} {target base} (To quit type /exit
> 22 17
Enter number in base 22 to convert to base 17 (To go back type /back
> eakbjf3fc21
Conversion result: B3GEBFAG3EG4
Enter number in base 22 to convert to base 17 (To go back type /back
> /back
Enter two numbers in format: {source base} {target base} (To quit type /exit
> 22 20
Enter number in base 22 to convert to base 20 (To go back type /back
> 1c3chafl4be
Conversion result: 40B1CF06G60
Enter number in base 22 to convert to base 20 (To go back type /back
> /back
Enter two numbers in format: {source base} {target base} (To quit type /exit
> 22 23
Enter number in base 22 to convert to base 23 (To go back type /back
> 3k9gbg5gk0f
Conversion result: 2BLEG14ID7I
Enter number in base 22 to convert to base 23 (To go back type /back
> /back
Enter two numbers in format: {source base} {target base} (To quit type /exit
> 22 26
Enter number in base 22 to convert to base 26 (To go back type /back
> 8ajg8b8fh3h
Conversion result: 1FECJ988GFP
Enter number in base 22 to convert to base 26 (To go back type /back
> /back
Enter two numbers in format: {source base} {target base} (To quit type /exit
> 22 29
Enter number in base 22 to convert to base 29 (To go back type /back
> bf295abcf4b
Conversion result: LBEB9CQ708
Enter number in base 22 to convert to base 29 (To go back type /back
> /back
Enter two numbers in format: {source base} {target base} (To quit type /exit
> 22 32
Enter number in base 22 to convert to base 32 (To go back type /back
> 4k4f90d62de
Conversion result: 3MQ6PAPL8K
Enter number in base 22 to convert to base 32 (To go back type /back
> /back
Enter two numbers in format: {source base} {target base} (To quit type /exit
> 22 35
Enter number in base 22 to convert to base 35 (To go back type /back
> fi70fc867fe
Conversion result: 5BPVOL0WA5
Enter number in base 22 to convert to base 35 (To go back type /back
> /back
Enter two numbers in format: {source base} {target base} (To quit type /exit
> 25 2
Enter number in base 25 to convert to base 2 (To go back type /back
> 29ab92k32l4
Conversion result: 110011100010010111110010101100101010110111111101
Enter number in base 25 to convert to base 2 (To go back type /back
> /back
Enter two numbers in format: {source base} {target base} (To quit type /exit
> 25 5
Enter number in base 25 to convert to base 5 (To go back type /back
> 32kkelhehol
Conversion result: 302404024413224324441
Enter number in base 25 to convert to base 5 (To go back type /back
> /back
Enter two numbers in format: {source base} {target base} (To quit type /exit
> 25 8
Enter number in base 25 to convert to base 8 (To go back type /back
> 3g6i88i4g10
Conversion result: 11712356400230172
Enter number in base 25 to convert to base 8 (To go back type /back
> /back
Enter two numbers in format: {source base} {target base} (To quit type /exit
> 25 11
Enter number in base 25 to convert to base 11 (To go back type /back
> 429llhnab22
Conversion result: 103506032806143
Enter number in base 25 to convert to base 11 (To go back type /back
> /back
Enter two numbers in format: {source base} {target base} (To quit type /exit
> 25 14
Enter number in base 25 to convert to base 14 (To go back type /back
> 1ch2ei5omoo
Conversion result: 276D9D566C591
Enter number in base 25 to convert to base 14 (To go back type /back
> /back
Enter two numbers in format: {source base} {target base} (To quit type /exit
> 25 17
Enter number in base 25 to convert to base 17 (To go back type /back
> 276mccccfa1
Conversion result: 6667713C1AGC
Enter number in base 25 to convert to base 17 (To go back type /back
> /back
Enter two numbers in format: {source base} {target base} (To quit type /exit
> 25 20
Enter number in base 25 to convert to base 20 (To go back type /back
> 55ih0nh9f4i
Conversion result: 28E2H40AG0C3
Enter number in base 25 to convert to base 20 (To go back type /back
> /back
Enter two numbers in format: {source base} {target base} (To quit type /exit
> 25 23
Enter number in base 25 to convert to base 23 (To go back type /back
> kd0d1ibm2d
Conversion result: 1KAE2LK1A39
Enter number in base 25 to convert to base 23 (To go back type /back
> /back
Enter two numbers in format: {source base} {target base} (To quit type /exit
> 25 26
Enter number in base 25 to convert to base 26 (To go back type /back
> 47oid2i3n5a
Conversion result: 2NMHDL6EGL5
Enter number in base 25 to convert to base 26 (To go back type /back
> /back
Enter two numbers in format: {source base} {target base} (To quit type /exit
> 25 29
Enter number in base 25 to convert to base 29 (To go back type /back
> 2aa70miehah
Conversion result: FPJG283MGL
Enter number in base 25 to convert to base 29 (To go back type /back
> /back
Enter two numbers in format: {source base} {target base} (To quit type /exit
> 25 32
Enter number in base 25 to convert to base 32 (To go back type /back
> ca126hd6ih
Conversion result: 1B0RR61EFM
Enter number in base 25 to convert to base 32 (To go back type /back
> /back
Enter two numbers in format: {source base} {target base} (To quit type /exit
> 25 35
Enter number in base 25 to convert to base 35 (To go back type /back
> 1ac971dn8nb
Conversion result: 1P4HIPHW0B
Enter number in base 25 to convert to base 35 (To go back type /back
> /back
Enter two numbers in format: {source base} {target base} (To quit type /exit
> 28 2
Enter number in base 28 to convert to base 2 (To go back type /back
> 1dn09m6erli
Conversion result: 1100100100101111011001110001000110100001110001110
Enter number in base 28 to convert to base 2 (To go back type /back
> /back
Enter two numbers in format: {source base} {target base} (To quit type /exit
> 28 5
Enter number in base 28 to convert to base 5 (To go back type /back
> rnn72q7qn9
Conversion result: 302104034332033240031
Enter number in base 28 to convert to base 5 (To go back type /back
> /back
Enter two numbers in format: {source base} {target base} (To quit type /exit
> 28 8
Enter number in base 28 to convert to base 8 (To go back type /back
> 1m11rr1ii0
Conversion result: 423061726206730
Enter number in base 28 to convert to base 8 (To go back type /back
> /back
Enter two numbers in format: {source base} {target base} (To quit type /exit
> 28 11
Enter number in base 28 to convert to base 11 (To go back type /back
> 1hi630i1po7
Conversion result: 12A964455920AA4
Enter number in base 28 to convert to base 11 (To go back type /back
> /back
Enter two numbers in format: {source base} {target base} (To quit type /exit
> 28 14
Enter number in base 28 to convert to base 14 (To go back type /back
> 16bqqbr7c2j
Conversion result: 65D0A4B523655
Enter number in base 28 to convert to base 14 (To go back type /back
> /back
Enter two numbers in format: {source base} {target base} (To quit type /exit
> 28 17
Enter number in base 28 to convert to base 17 (To go back type /back
> nfhkodk27g
Conversion result: 74A84FCB3G37
Enter number in base 28 to convert to base 17 (To go back type /back
> /back
Enter two numbers in format: {source base} {target base} (To quit type /exit
> 28 20
Enter number in base 28 to convert to base 20 (To go back type /back
> 8h77q873hh
Conversion result: 8I09G46E50D
Enter number in base 28 to convert to base 20 (To go back type /back
> /back
Enter two numbers in format: {source base} {target base} (To quit type /exit
> 28 23
Enter number in base 28 to convert to base 23 (To go back type /back
> 1i2amqikcb8
Conversion result: BHF75H39GBF
Enter number in base 28 to convert to base 23 (To go back type /back
> /back
Enter two numbers in format: {source base} {target base} (To quit type /exit
> 28 26
Enter number in base 28 to convert to base 26 (To go back type /back
> 11llrbe3mo5
Conversion result: 260BJG546C5
Enter number in base 28 to convert to base 26 (To go back type /back
> /back
Enter two numbers in format: {source base} {target base} (To quit type /exit
> 28 29
Enter number in base 28 to convert to base 29 (To go back type /back
> 1h1jhflok3o
Conversion result: 13OPC8LH1I6
Enter number in base 28 to convert to base 29 (To go back type /back
> /back
Enter two numbers in format: {source base} {target base} (To quit type /exit
> 28 32
Enter number in base 28 to convert to base 32 (To go back type /back
> q4dfejb2db
Conversion result: 7RM0IEI8EN
Enter number in base 28 to convert to base 32 (To go back type /back
> /back
Enter two numbers in format: {source base} {target base} (To quit type /exit
> 28 35
Enter number in base 28 to convert to base 35 (To go back type /back
> 2c7bd7p32n
Conversion result: BFTSB4JVN
Enter number in base 28 to convert to base 35 (To go back type /back
> /back
Enter two numbers in format: {source base} {target base} (To quit type /exit
> 31 2
Enter number in base 31 to convert to base 2 (To go back type /back
> 1qf5aioejg
Conversion result: 1011001001100000110100000001101011110110101010
Enter number in base 31 to convert to base 2 (To go back type /back
> /back
Enter two numbers in format: {source base} {target base} (To quit type /exit
> 31 5
Enter number in base 31 to convert to base 5 (To go back type /back
> 7814orercb
Conversion result: 200124104231140444110
Enter number in base 31 to convert to base 5 (To go back type /back
> /back
Enter two numbers in format: {source base} {target base} (To quit type /exit
> 31 8
Enter number in base 31 to convert to base 8 (To go back type /back
> 8jjidh8hjp
Conversion result: 6371505032134775
Enter number in base 31 to convert to base 8 (To go back type /back
> /back
Enter two numbers in format: {source base} {target base} (To quit type /exit
> 31 11
Enter number in base 31 to convert to base 11 (To go back type /back
> 94769t8boj
Conversion result: 6AA7479A564152
Enter number in base 31 to convert to base 11 (To go back type /back
> /back
Enter two numbers in format: {source base} {target base} (To quit type /exit
> 31 14
Enter number in base 31 to convert to base 14 (To go back type /back
> 9td5h4polb
Conversion result: 48D5B9856A124
Enter number in base 31 to convert to base 14 (To go back type /back
> /back
Enter two numbers in format: {source base} {target base} (To quit type /exit
> 31 17
Enter number in base 31 to convert to base 17 (To go back type /back
> h2l146mri1
Conversion result: D3182BCCFF9E
Enter number in base 31 to convert to base 17 (To go back type /back
> /back
Enter two numbers in format: {source base} {target base} (To quit type /exit
> 31 20
Enter number in base 31 to convert to base 20 (To go back type /back
> e719s23cgg
Conversion result: 1GEDFJB02IA8
Enter number in base 31 to convert to base 20 (To go back type /back
> /back
Enter two numbers in format: {source base} {target base} (To quit type /exit
> 31 23
Enter number in base 31 to convert to base 23 (To go back type /back
> fu05r8merq
Conversion result: A493AA4AD9E
Enter number in base 31 to convert to base 23 (To go back type /back
> /back
Enter two numbers in format: {source base} {target base} (To quit type /exit
> 31 26
Enter number in base 31 to convert to base 26 (To go back type /back
> 867h4u7en3
Conversion result: 1DO9NLH8KE9
Enter number in base 31 to convert to base 26 (To go back type /back
> /back
Enter two numbers in format: {source base} {target base} (To quit type /exit
> 31 29
Enter number in base 31 to convert to base 29 (To go back type /back
> go3feg4co5
Conversion result: 11GM302LS9G
Enter number in base 31 to convert to base 29 (To go back type /back
> /back
Enter two numbers in format: {source base} {target base} (To quit type /exit
> 31 32
Enter number in base 31 to convert to base 32 (To go back type /back
> 6ne0fr4bod
Conversion result: 52F3AKCFDB
Enter number in base 31 to convert to base 32 (To go back type /back
> /back
Enter two numbers in format: {source base} {target base} (To quit type /exit
> 31 35
Enter number in base 31 to convert to base 35 (To go back type /back
> b1paf63idf
Conversion result: 3OTF9WDHCH
Enter number in base 31 to convert to base 35 (To go back type /back
> /back
Enter two numbers in format: {source base} {target base} (To quit type /exit
> 34 2
Enter number in base 34 to convert to base 2 (To go back type /back
> 4fsvpi93hc
Conversion result: 111101101010000111000000101011000011000010100010
Enter number in base 34 to convert to base 2 (To go back type /back
> /back
Enter two numbers in format: {source base} {target base} (To quit type /exit
> 34 5
Enter number in base 34 to convert to base 5 (To go back type /back
> 2u3572xsr2
Conversion result: 140430020130203201110
Enter number in base 34 to convert to base 5 (To go back type /back
> /back
Enter two numbers in format: {source base} {target base} (To quit type /exit
> 34 8
Enter number in base 34 to convert to base 8 (To go back type /back
> 2pptw37qvg
Conversion result: 4604427472276476
Enter number in base 34 to convert to base 8 (To go back type /back
> /back
Enter two numbers in format: {source base} {target base} (To quit type /exit
> 34 11
Enter number in base 34 to convert to base 11 (To go back type /back
> 57p6c8fbkd
Conversion result: 921551830783A1
Enter number in base 34 to convert to base 11 (To go back type /back
> /back
Enter two numbers in format: {source base} {target base} (To quit type /exit
> 34 14
Enter number in base 34 to convert to base 14 (To go back type /back
> 3hhdqqpi4h
Conversion result: 3A9BA918C8DA9
Enter number in base 34 to convert to base 14 (To go back type /back
> /back
Enter two numbers in format: {source base} {target base} (To quit type /exit
> 34 17
Enter number in base 34 to convert to base 17 (To go back type /back
> 5jjleo6ik4
Conversion result: 9EFDDBBD1664
Enter number in base 34 to convert to base 17 (To go back type /back
> /back
Enter two numbers in format: {source base} {target base} (To quit type /exit
> 34 20
Enter number in base 34 to convert to base 20 (To go back type /back
> 5pu5l62vdx
Conversion result: 1E34C6GJ24HJ
Enter number in base 34 to convert to base 20 (To go back type /back
> /back
Enter two numbers in format: {source base} {target base} (To quit type /exit
> 34 23
Enter number in base 34 to convert to base 23 (To go back type /back
> 2h2acno3p
Conversion result: 2B1642F769
Enter number in base 34 to convert to base 23 (To go back type /back
> /back
Enter two numbers in format: {source base} {target base} (To quit type /exit
> 34 26
Enter number in base 34 to convert to base 26 (To go back type /back
> 4qskhogwuk
Conversion result: 21EE411M97M
Enter number in base 34 to convert to base 26 (To go back type /back
> /back
Enter two numbers in format: {source base} {target base} (To quit type /exit
> 34 29
Enter number in base 34 to convert to base 29 (To go back type /back
> 78jjtepp43
Conversion result: 11A6MOGLIOO
Enter number in base 34 to convert to base 29 (To go back type /back
> /back
Enter two numbers in format: {source base} {target base} (To quit type /exit
> 34 32
Enter number in base 34 to convert to base 32 (To go back type /back
> 5bc7vjjuud
Conversion result: 96HSILC739
Enter number in base 34 to convert to base 32 (To go back type /back
> /back
Enter two numbers in format: {source base} {target base} (To quit type /exit
> 34 35
Enter number in base 34 to convert to base 35 (To go back type /back
> 7docpq1a3d
Conversion result: 5OLLUL3HRE
Enter number in base 34 to convert to base 35 (To go back type /back
> /back
Enter two numbers in format: {source base} {target base} (To quit type /exit
> /exit
?[1;31m
Start test 6?[0m
Enter two numbers in format: {source base} {target base} (To quit type /exit
> 2 5
Enter number in base 2 to convert to base 5 (To go back type /back
> 11101110.10000
Conversion result: 1423.22222

Enter number in base 2 to convert to base 5 (To go back type /back
> /back
Enter two numbers in format: {source base} {target base} (To quit type /exit
> 2 8
Enter number in base 2 to convert to base 8 (To go back type /back
> 1000011.00000
Conversion result: 103.00000

Enter number in base 2 to convert to base 8 (To go back type /back
> /back
Enter two numbers in format: {source base} {target base} (To quit type /exit
> 2 11
Enter number in base 2 to convert to base 11 (To go back type /back
> 1011101111.11000
Conversion result: 623.82828

Enter number in base 2 to convert to base 11 (To go back type /back
> /back
Enter two numbers in format: {source base} {target base} (To quit type /exit
> 2 14
Enter number in base 2 to convert to base 14 (To go back type /back
> 10010000.10000
Conversion result: A4.70000

Enter number in base 2 to convert to base 14 (To go back type /back
> /back
Enter two numbers in format: {source base} {target base} (To quit type /exit
> 2 17
Enter number in base 2 to convert to base 17 (To go back type /back
> 1001110100.00000
Conversion result: 22G.00000

Enter number in base 2 to convert to base 17 (To go back type /back
> /back
Enter two numbers in format: {source base} {target base} (To quit type /exit
> 2 20
Enter number in base 2 to convert to base 20 (To go back type /back
> 111111110.11000
Conversion result: 15A.F0000

Enter number in base 2 to convert to base 20 (To go back type /back
> /back
Enter two numbers in format: {source base} {target base} (To quit type /exit
> 2 23
Enter number in base 2 to convert to base 23 (To go back type /back
> 110100101.10000
Conversion result: I7.BBBBB

Enter number in base 2 to convert to base 23 (To go back type /back
> /back
Enter two numbers in format: {source base} {target base} (To quit type /exit
> 2 26
Enter number in base 2 to convert to base 26 (To go back type /back
> 110000101.01000
Conversion result: EP.6D000

Enter number in base 2 to convert to base 26 (To go back type /back
> /back
Enter two numbers in format: {source base} {target base} (To quit type /exit
> 2 29
Enter number in base 2 to convert to base 29 (To go back type /back
> 1010011.01000
Conversion result: 2P.77777

Enter number in base 2 to convert to base 29 (To go back type /back
> /back
Enter two numbers in format: {source base} {target base} (To quit type /exit
> 2 32
Enter number in base 2 to convert to base 32 (To go back type /back
> 1001001100.00000
Conversion result: IC.00000

Enter number in base 2 to convert to base 32 (To go back type /back
> /back
Enter two numbers in format: {source base} {target base} (To quit type /exit
> 2 35
Enter number in base 2 to convert to base 35 (To go back type /back
> 1000100011.01000
Conversion result: FM.8Q8Q8

Enter number in base 2 to convert to base 35 (To go back type /back
> /back
Enter two numbers in format: {source base} {target base} (To quit type /exit
> 5 2
Enter number in base 5 to convert to base 2 (To go back type /back
> 12134.41122
Conversion result: 1110010111.11011

Enter number in base 5 to convert to base 2 (To go back type /back
> /back
Enter two numbers in format: {source base} {target base} (To quit type /exit
> 5 8
Enter number in base 5 to convert to base 8 (To go back type /back
> 10221.30242
Conversion result: 1256.47677

Enter number in base 5 to convert to base 8 (To go back type /back
> /back
Enter two numbers in format: {source base} {target base} (To quit type /exit
> 5 11
Enter number in base 5 to convert to base 11 (To go back type /back
> 10342.23101
Conversion result: 5A7.58A21

Enter number in base 5 to convert to base 11 (To go back type /back
> /back
Enter two numbers in format: {source base} {target base} (To quit type /exit
> 5 14
Enter number in base 5 to convert to base 14 (To go back type /back
> 4400.21243
Conversion result: 30C.66B66

Enter number in base 5 to convert to base 14 (To go back type /back
> /back
Enter two numbers in format: {source base} {target base} (To quit type /exit
> 5 17
Enter number in base 5 to convert to base 17 (To go back type /back
> 2241.11300
Conversion result: 11F.48509

Enter number in base 5 to convert to base 17 (To go back type /back
> /back
Enter two numbers in format: {source base} {target base} (To quit type /exit
> 5 20
Enter number in base 5 to convert to base 20 (To go back type /back
> 10402.33342
Conversion result: 1G7.F0868

Enter number in base 5 to convert to base 20 (To go back type /back
> /back
Enter two numbers in format: {source base} {target base} (To quit type /exit
> 5 23
Enter number in base 5 to convert to base 23 (To go back type /back
> 322.20204
Conversion result: 3I.9DH11

Enter number in base 5 to convert to base 23 (To go back type /back
> /back
Enter two numbers in format: {source base} {target base} (To quit type /exit
> 5 26
Enter number in base 5 to convert to base 26 (To go back type /back
> 2.41412
Conversion result: 2.MIPGI

Enter number in base 5 to convert to base 26 (To go back type /back
> /back
Enter two numbers in format: {source base} {target base} (To quit type /exit
> 5 29
Enter number in base 5 to convert to base 29 (To go back type /back
> 12124.12010
Conversion result: 12F.84NR9

Enter number in base 5 to convert to base 29 (To go back type /back
> /back
Enter two numbers in format: {source base} {target base} (To quit type /exit
> 5 32
Enter number in base 5 to convert to base 32 (To go back type /back
> 10024.33132
Conversion result: JV.NF1BI

Enter number in base 5 to convert to base 32 (To go back type /back
> /back
Enter two numbers in format: {source base} {target base} (To quit type /exit
> 5 35
Enter number in base 5 to convert to base 35 (To go back type /back
> 10000.40331
Conversion result: HU.T0NI7

Enter number in base 5 to convert to base 35 (To go back type /back
> /back
Enter two numbers in format: {source base} {target base} (To quit type /exit
> 8 2
Enter number in base 8 to convert to base 2 (To go back type /back
> 537.31746156
Conversion result: 101011111.01100

Enter number in base 8 to convert to base 2 (To go back type /back
> /back
Enter two numbers in format: {source base} {target base} (To quit type /exit
> 8 5
Enter number in base 8 to convert to base 5 (To go back type /back
> 1713.32270417
Conversion result: 12341.20122

Enter number in base 8 to convert to base 5 (To go back type /back
> /back
Enter two numbers in format: {source base} {target base} (To quit type /exit
> 8 11
Enter number in base 8 to convert to base 11 (To go back type /back
> 364.65532232
Conversion result: 202.92534

Enter number in base 8 to convert to base 11 (To go back type /back
> /back
Enter two numbers in format: {source base} {target base} (To quit type /exit
> 8 14
Enter number in base 8 to convert to base 14 (To go back type /back
> 21.14161672
Conversion result: 13.29609

Enter number in base 8 to convert to base 14 (To go back type /back
> /back
Enter two numbers in format: {source base} {target base} (To quit type /exit
> 8 17
Enter number in base 8 to convert to base 17 (To go back type /back
> 331.32210046
Conversion result: CD.6GA5E

Enter number in base 8 to convert to base 17 (To go back type /back
> /back
Enter two numbers in format: {source base} {target base} (To quit type /exit
> 8 20
Enter number in base 8 to convert to base 20 (To go back type /back
> 1223.35673664
Conversion result: 1CJ.96D8G

Enter number in base 8 to convert to base 20 (To go back type /back
> /back
Enter two numbers in format: {source base} {target base} (To quit type /exit
> 8 23
Enter number in base 8 to convert to base 23 (To go back type /back
> 1553.10242657
Conversion result: 1F1.2MH7L

Enter number in base 8 to convert to base 23 (To go back type /back
> /back
Enter two numbers in format: {source base} {target base} (To quit type /exit
> 8 26
Enter number in base 8 to convert to base 26 (To go back type /back
> 1501.37624167
Conversion result: 161.CNK93

Enter number in base 8 to convert to base 26 (To go back type /back
> /back
Enter two numbers in format: {source base} {target base} (To quit type /exit
> 8 29
Enter number in base 8 to convert to base 29 (To go back type /back
> 523.42636114
Conversion result: BK.FMBR1

Enter number in base 8 to convert to base 29 (To go back type /back
> /back
Enter two numbers in format: {source base} {target base} (To quit type /exit
> 8 32
Enter number in base 8 to convert to base 32 (To go back type /back
> 1050.20063552
Conversion result: H8.81JOO

Enter number in base 8 to convert to base 32 (To go back type /back
> /back
Enter two numbers in format: {source base} {target base} (To quit type /exit
> 8 35
Enter number in base 8 to convert to base 35 (To go back type /back
> 1042.05113221
Conversion result: FL.2SIF9

Enter number in base 8 to convert to base 35 (To go back type /back
> /back
Enter two numbers in format: {source base} {target base} (To quit type /exit
> 11 2
Enter number in base 11 to convert to base 2 (To go back type /back
> 224.621420a7285
Conversion result: 100001100.10010

Enter number in base 11 to convert to base 2 (To go back type /back
> /back
Enter two numbers in format: {source base} {target base} (To quit type /exit
> 11 5
Enter number in base 11 to convert to base 5 (To go back type /back
> 280.4130328830a
Conversion result: 2310.14134

Enter number in base 11 to convert to base 5 (To go back type /back
> /back
Enter two numbers in format: {source base} {target base} (To quit type /exit
> 11 8
Enter number in base 11 to convert to base 8 (To go back type /back
> 620.5233576a382
Conversion result: 1354.36235

Enter number in base 11 to convert to base 8 (To go back type /back
> /back
Enter two numbers in format: {source base} {target base} (To quit type /exit
> 11 14
Enter number in base 11 to convert to base 14 (To go back type /back
> 179.37836742828
Conversion result: 10B.4A040

Enter number in base 11 to convert to base 14 (To go back type /back
> /back
Enter two numbers in format: {source base} {target base} (To quit type /exit
> 11 17
Enter number in base 11 to convert to base 17 (To go back type /back
> 62a.507a127a955
Conversion result: 2AA.7E177

Enter number in base 11 to convert to base 17 (To go back type /back
> /back
Enter two numbers in format: {source base} {target base} (To quit type /exit
> 11 20
Enter number in base 11 to convert to base 20 (To go back type /back
> 320.0aa00029975
Conversion result: J5.1G15C

Enter number in base 11 to convert to base 20 (To go back type /back
> /back
Enter two numbers in format: {source base} {target base} (To quit type /exit
> 11 23
Enter number in base 11 to convert to base 23 (To go back type /back
> 730.3291261562a
Conversion result: 1F6.6IEHG

Enter number in base 11 to convert to base 23 (To go back type /back
> /back
Enter two numbers in format: {source base} {target base} (To quit type /exit
> 11 26
Enter number in base 11 to convert to base 26 (To go back type /back
> 331.910a992808a
Conversion result: F7.LD4ME

Enter number in base 11 to convert to base 26 (To go back type /back
> /back
Enter two numbers in format: {source base} {target base} (To quit type /exit
> 11 29
Enter number in base 11 to convert to base 29 (To go back type /back
> 128.62732341702
Conversion result: 56.GD70L

Enter number in base 11 to convert to base 29 (To go back type /back
> /back
Enter two numbers in format: {source base} {target base} (To quit type /exit
> 11 32
Enter number in base 11 to convert to base 32 (To go back type /back
> 414.28893811758
Conversion result: FJ.84MCU

Enter number in base 11 to convert to base 32 (To go back type /back
> /back
Enter two numbers in format: {source base} {target base} (To quit type /exit
> 11 35
Enter number in base 11 to convert to base 35 (To go back type /back
> 478.07a84810889
Conversion result: G9.2ARL7

Enter number in base 11 to convert to base 35 (To go back type /back
> /back
Enter two numbers in format: {source base} {target base} (To quit type /exit
> 14 2
Enter number in base 14 to convert to base 2 (To go back type /back
> 3d7.b64386ca8d6991
Conversion result: 1100001001.11010

Enter number in base 14 to convert to base 2 (To go back type /back
> /back
Enter two numbers in format: {source base} {target base} (To quit type /exit
> 14 5
Enter number in base 14 to convert to base 5 (To go back type /back
> 4b2.c03c50275dd10c
Conversion result: 12230.41213

Enter number in base 14 to convert to base 5 (To go back type /back
> /back
Enter two numbers in format: {source base} {target base} (To quit type /exit
> 14 8
Enter number in base 14 to convert to base 8 (To go back type /back
> 39.a99b49a46a5ba6
Conversion result: 63.60703

Enter number in base 14 to convert to base 8 (To go back type /back
> /back
Enter two numbers in format: {source base} {target base} (To quit type /exit
> 14 11
Enter number in base 14 to convert to base 11 (To go back type /back
> 125.740c81905b941d
Conversion result: 199.58011

Enter number in base 14 to convert to base 11 (To go back type /back
> /back
Enter two numbers in format: {source base} {target base} (To quit type /exit
> 14 17
Enter number in base 14 to convert to base 17 (To go back type /back
> 247.60532135049c94
Conversion result: 19D.756G2

Enter number in base 14 to convert to base 17 (To go back type /back
> /back
Enter two numbers in format: {source base} {target base} (To quit type /exit
> 14 20
Enter number in base 14 to convert to base 20 (To go back type /back
> 447.75193425caab74
Conversion result: 227.AA8J4

Enter number in base 14 to convert to base 20 (To go back type /back
> /back
Enter two numbers in format: {source base} {target base} (To quit type /exit
> 14 23
Enter number in base 14 to convert to base 23 (To go back type /back
> 275.d8226d998cba76
Conversion result: LC.M756L

Enter number in base 14 to convert to base 23 (To go back type /back
> /back
Enter two numbers in format: {source base} {target base} (To quit type /exit
> 14 26
Enter number in base 14 to convert to base 26 (To go back type /back
> 43c.b4108ba82cbcd4
Conversion result: 166.KP55I

Enter number in base 14 to convert to base 26 (To go back type /back
> /back
Enter two numbers in format: {source base} {target base} (To quit type /exit
> 14 29
Enter number in base 14 to convert to base 29 (To go back type /back
> 4d6.a5d741dd02366d
Conversion result: 14F.LH96A

Enter number in base 14 to convert to base 29 (To go back type /back
> /back
Enter two numbers in format: {source base} {target base} (To quit type /exit
> 14 32
Enter number in base 14 to convert to base 32 (To go back type /back
> 390.c1913d87280221
Conversion result: MA.RMALE

Enter number in base 14 to convert to base 32 (To go back type /back
> /back
Enter two numbers in format: {source base} {target base} (To quit type /exit
> 14 35
Enter number in base 14 to convert to base 35 (To go back type /back
> 3a9.7d7b0da2cbc94d
Conversion result: L2.JW85P

Enter number in base 14 to convert to base 35 (To go back type /back
> /back
Enter two numbers in format: {source base} {target base} (To quit type /exit
> 17 2
Enter number in base 17 to convert to base 2 (To go back type /back
> 189.26efb9de45174db3e
Conversion result: 110110010.00100

Enter number in base 17 to convert to base 2 (To go back type /back
> /back
Enter two numbers in format: {source base} {target base} (To quit type /exit
> 17 5
Enter number in base 17 to convert to base 5 (To go back type /back
> 87.10cg25d93ec3g51fa
Conversion result: 1033.01232

Enter number in base 17 to convert to base 5 (To go back type /back
> /back
Enter two numbers in format: {source base} {target base} (To quit type /exit
> 17 8
Enter number in base 17 to convert to base 8 (To go back type /back
> 33f.74ec38f4f82aga31a
Conversion result: 1645.33334

Enter number in base 17 to convert to base 8 (To go back type /back
> /back
Enter two numbers in format: {source base} {target base} (To quit type /exit
> 17 11
Enter number in base 17 to convert to base 11 (To go back type /back
> 18c.63a3257gba2d1f169
Conversion result: 368.40239

Enter number in base 17 to convert to base 11 (To go back type /back
> /back
Enter two numbers in format: {source base} {target base} (To quit type /exit
> 17 14
Enter number in base 17 to convert to base 14 (To go back type /back
> 304.56a42d1143d2b3583
Conversion result: 463.461AA

Enter number in base 17 to convert to base 14 (To go back type /back
> /back
Enter two numbers in format: {source base} {target base} (To quit type /exit
> 17 20
Enter number in base 17 to convert to base 20 (To go back type /back
> 19a.47f2b3741986b0f36
Conversion result: 12C.550HC

Enter number in base 17 to convert to base 20 (To go back type /back
> /back
Enter two numbers in format: {source base} {target base} (To quit type /exit
> 17 23
Enter number in base 17 to convert to base 23 (To go back type /back
> b2.00e81g5d33aee5034
Conversion result: 85.01CKC

Enter number in base 17 to convert to base 23 (To go back type /back
> /back
Enter two numbers in format: {source base} {target base} (To quit type /exit
> 17 26
Enter number in base 17 to convert to base 26 (To go back type /back
> 2cd.e9520g2f8663cf6g7
Conversion result: 14F.M6C3D

Enter number in base 17 to convert to base 26 (To go back type /back
> /back
Enter two numbers in format: {source base} {target base} (To quit type /exit
> 17 29
Enter number in base 17 to convert to base 29 (To go back type /back
> 379.ef13d840gbf207134
Conversion result: 159.PBD5Q

Enter number in base 17 to convert to base 29 (To go back type /back
> /back
Enter two numbers in format: {source base} {target base} (To quit type /exit
> 17 32
Enter number in base 17 to convert to base 32 (To go back type /back
> 37a.5431db2f59c3c11e1
Conversion result: V4.9S06H

Enter number in base 17 to convert to base 32 (To go back type /back
> /back
Enter two numbers in format: {source base} {target base} (To quit type /exit
> 17 35
Enter number in base 17 to convert to base 35 (To go back type /back
> 2df.de82geec10f570712
Conversion result: N9.SI5E9

Enter number in base 17 to convert to base 35 (To go back type /back
> /back
Enter two numbers in format: {source base} {target base} (To quit type /exit
> /exit
?[1;31m
Start test 7?[0m
Enter two numbers in format: {source base} {target base} (To quit type /exit
> 19 2
Enter number in base 19 to convert to base 2 (To go back type /back
> 1ca.hh3492903gi9g878e4c
Conversion result: 1001010111.11110

Enter number in base 19 to convert to base 2 (To go back type /back
> /back
Enter two numbers in format: {source base} {target base} (To quit type /exit
> 19 5
Enter number in base 19 to convert to base 5 (To go back type /back
> h1.26cf0f5411beig4ie75
Conversion result: 2244.03021

Enter number in base 19 to convert to base 5 (To go back type /back
> /back
Enter two numbers in format: {source base} {target base} (To quit type /exit
> 19 8
Enter number in base 19 to convert to base 8 (To go back type /back
> 262.e836cac42bf4febgefc
Conversion result: 1506.60467

Enter number in base 19 to convert to base 8 (To go back type /back
> /back
Enter two numbers in format: {source base} {target base} (To quit type /exit
> 19 11
Enter number in base 19 to convert to base 11 (To go back type /back
> 1bg.bfd89iacig7d7fdc08h
Conversion result: 493.69354

Enter number in base 19 to convert to base 11 (To go back type /back
> /back
Enter two numbers in format: {source base} {target base} (To quit type /exit
> 19 14
Enter number in base 19 to convert to base 14 (To go back type /back
> 1gf.gf82fdcb34gg5d98b98
Conversion result: 368.C5605

Enter number in base 19 to convert to base 14 (To go back type /back
> /back
Enter two numbers in format: {source base} {target base} (To quit type /exit
> 19 17
Enter number in base 19 to convert to base 17 (To go back type /back
> 5h.4848h26de1cc1a3342a
Conversion result: 6A.3G76D

Enter number in base 19 to convert to base 17 (To go back type /back
> /back
Enter two numbers in format: {source base} {target base} (To quit type /exit
> 19 20
Enter number in base 19 to convert to base 20 (To go back type /back
> 2e2.fb4a3g59d6d87h5c8c6
Conversion result: 29A.G84HC

Enter number in base 19 to convert to base 20 (To go back type /back
> /back
Enter two numbers in format: {source base} {target base} (To quit type /exit
> 19 23
Enter number in base 19 to convert to base 23 (To go back type /back
> 264.2gh9bg290fi4a03be9d
Conversion result: 1DC.3BB20

Enter number in base 19 to convert to base 23 (To go back type /back
> /back
Enter two numbers in format: {source base} {target base} (To quit type /exit
> 19 26
Enter number in base 19 to convert to base 26 (To go back type /back
> i0.ediida094i1bg4ad67e
Conversion result: D4.K48C7

Enter number in base 19 to convert to base 26 (To go back type /back
> /back
Enter two numbers in format: {source base} {target base} (To quit type /exit
> 19 29
Enter number in base 19 to convert to base 29 (To go back type /back
> h1.314583b2d74a6gbbgf2
Conversion result: B5.4JIKA

Enter number in base 19 to convert to base 29 (To go back type /back
> /back
Enter two numbers in format: {source base} {target base} (To quit type /exit
> 19 32
Enter number in base 19 to convert to base 32 (To go back type /back
> 212.2h2694g3c095ib292f2
Conversion result: N7.4SBLH

Enter number in base 19 to convert to base 32 (To go back type /back
> /back
Enter two numbers in format: {source base} {target base} (To quit type /exit
> 19 35
Enter number in base 19 to convert to base 35 (To go back type /back
> 1f2.37h96hi52d4672fh9d1
Conversion result: II.6AAME

Enter number in base 19 to convert to base 35 (To go back type /back
> /back
Enter two numbers in format: {source base} {target base} (To quit type /exit
> 22 2
Enter number in base 22 to convert to base 2 (To go back type /back
> 209.k96f40eibg769jh7cg0432
Conversion result: 1111010001.11101

Enter number in base 22 to convert to base 2 (To go back type /back
> /back
Enter two numbers in format: {source base} {target base} (To quit type /exit
> 22 5
Enter number in base 22 to convert to base 5 (To go back type /back
> 18f.cjgc0k8798jd0d22j1d99c
Conversion result: 10200.24312

Enter number in base 22 to convert to base 5 (To go back type /back
> /back
Enter two numbers in format: {source base} {target base} (To quit type /exit
> 22 8
Enter number in base 22 to convert to base 8 (To go back type /back
> h8.kbbk2b80aci23b6ic22400
Conversion result: 576.73552

Enter number in base 22 to convert to base 8 (To go back type /back
> /back
Enter two numbers in format: {source base} {target base} (To quit type /exit
> 22 11
Enter number in base 22 to convert to base 11 (To go back type /back
> 134.bjhhh8h6k5081e248j4651
Conversion result: 464.5A4A8

Enter number in base 22 to convert to base 11 (To go back type /back
> /back
Enter two numbers in format: {source base} {target base} (To quit type /exit
> 22 14
Enter number in base 22 to convert to base 14 (To go back type /back
> 125.3hheb14179d05l3e7ag64i
Conversion result: 2A1.25D1A

Enter number in base 22 to convert to base 14 (To go back type /back
> /back
Enter two numbers in format: {source base} {target base} (To quit type /exit
> 22 17
Enter number in base 22 to convert to base 17 (To go back type /back
> d7.laghcle934ll1bcdgc4acd
Conversion result: 104.GA4G8

Enter number in base 22 to convert to base 17 (To go back type /back
> /back
Enter two numbers in format: {source base} {target base} (To quit type /exit
> 22 20
Enter number in base 22 to convert to base 20 (To go back type /back
> 8b.5g9f8338fjg0edd673bk8f
Conversion result: 97.54A00

Enter number in base 22 to convert to base 20 (To go back type /back
> /back
Enter two numbers in format: {source base} {target base} (To quit type /exit
> 22 23
Enter number in base 22 to convert to base 23 (To go back type /back
> 2k.gja78k6ihi2fcj444hce58
Conversion result: 2I.HF03M

Enter number in base 22 to convert to base 23 (To go back type /back
> /back
Enter two numbers in format: {source base} {target base} (To quit type /exit
> 22 26
Enter number in base 22 to convert to base 26 (To go back type /back
> 128.b378fbhl90gc96a19hak3d
Conversion result: KG.D4H73

Enter number in base 22 to convert to base 26 (To go back type /back
> /back
Enter two numbers in format: {source base} {target base} (To quit type /exit
> 22 29
Enter number in base 22 to convert to base 29 (To go back type /back
> 1cj.akg56bghj0jaifddjkj56e
Conversion result: QD.EC92G

Enter number in base 22 to convert to base 29 (To go back type /back
> /back
Enter two numbers in format: {source base} {target base} (To quit type /exit
> 22 32
Enter number in base 22 to convert to base 32 (To go back type /back
> k2.ifh2563e056jf448e43ldj
Conversion result: DQ.R76BF

Enter number in base 22 to convert to base 32 (To go back type /back
> /back
Enter two numbers in format: {source base} {target base} (To quit type /exit
> 22 35
Enter number in base 22 to convert to base 35 (To go back type /back
> 164.g1fgdaekh8i8kh79b35dg3
Conversion result: HP.PK8VQ

Enter number in base 22 to convert to base 35 (To go back type /back
> /back
Enter two numbers in format: {source base} {target base} (To quit type /exit
> 25 2
Enter number in base 25 to convert to base 2 (To go back type /back
> 13c.67m7ncg6k92j9om0ekgg24bn4
Conversion result: 1011001000.01000

Enter number in base 25 to convert to base 2 (To go back type /back
> /back
Enter two numbers in format: {source base} {target base} (To quit type /exit
> 25 5
Enter number in base 25 to convert to base 5 (To go back type /back
> g2.fndbiaajlme32omdkobg8ogmo
Conversion result: 3102.30432

Enter number in base 25 to convert to base 5 (To go back type /back
> /back
Enter two numbers in format: {source base} {target base} (To quit type /exit
> 25 8
Enter number in base 25 to convert to base 8 (To go back type /back
> kk.910g0ickcj7482752h1k5i444
Conversion result: 1010.27112

Enter number in base 25 to convert to base 8 (To go back type /back
> /back
Enter two numbers in format: {source base} {target base} (To quit type /exit
> 25 11
Enter number in base 25 to convert to base 11 (To go back type /back
> f2.hm9o0b6o0gdjd8leanc52m0ji
Conversion result: 313.79686

Enter number in base 25 to convert to base 11 (To go back type /back
> /back
Enter two numbers in format: {source base} {target base} (To quit type /exit
> 25 14
Enter number in base 25 to convert to base 14 (To go back type /back
> 6b.8kedkk10k1fjbk49260d3gboo
Conversion result: B7.4D267

Enter number in base 25 to convert to base 14 (To go back type /back
> /back
Enter two numbers in format: {source base} {target base} (To quit type /exit
> 25 17
Enter number in base 25 to convert to base 17 (To go back type /back
> 1k.e83866l490emhgm1h5421hkac
Conversion result: 2B.9CA43

Enter number in base 25 to convert to base 17 (To go back type /back
> /back
Enter two numbers in format: {source base} {target base} (To quit type /exit
> 25 20
Enter number in base 25 to convert to base 20 (To go back type /back
> fl.b8d578b7571h7o5kllnjo7403
Conversion result: JG.91940

Enter number in base 25 to convert to base 20 (To go back type /back
> /back
Enter two numbers in format: {source base} {target base} (To quit type /exit
> 25 23
Enter number in base 25 to convert to base 23 (To go back type /back
> 55.n40k6a4ch7gc3l3906cja3l2c
Conversion result: 5F.L725B

Enter number in base 25 to convert to base 23 (To go back type /back
> /back
Enter two numbers in format: {source base} {target base} (To quit type /exit
> 25 26
Enter number in base 25 to convert to base 26 (To go back type /back
> 1b1.9209l3j6o2e4emoh21cnam19a
Conversion result: 18H.9BE3A

Enter number in base 25 to convert to base 26 (To go back type /back
> /back
Enter two numbers in format: {source base} {target base} (To quit type /exit
> 25 29
Enter number in base 25 to convert to base 29 (To go back type /back
> 2l.je7o5dnk8ae3h947iiadh4ibl
Conversion result: 2D.MKCIC

Enter number in base 25 to convert to base 29 (To go back type /back
> /back
Enter two numbers in format: {source base} {target base} (To quit type /exit
> 25 32
Enter number in base 25 to convert to base 32 (To go back type /back
> 1ce.0aojaf4oh96fh0i9dk56e8eng
Conversion result: TB.0I0CE

Enter number in base 25 to convert to base 32 (To go back type /back
> /back
Enter two numbers in format: {source base} {target base} (To quit type /exit
> 25 35
Enter number in base 25 to convert to base 35 (To go back type /back
> 14h.19ch1noei6j797o0050kol8l9
Conversion result: L7.1WMJH

Enter number in base 25 to convert to base 35 (To go back type /back
> /back
Enter two numbers in format: {source base} {target base} (To quit type /exit
> 28 2
Enter number in base 28 to convert to base 2 (To go back type /back
> oe.johk5kj1276jac5nfem6jan57
Conversion result: 1010101110.10110

Enter number in base 28 to convert to base 2 (To go back type /back
> /back
Enter two numbers in format: {source base} {target base} (To quit type /exit
> 28 5
Enter number in base 28 to convert to base 5 (To go back type /back
> 152.7dpp9mbar6iddq4cpip9npf2he
Conversion result: 12201.11321

Enter number in base 28 to convert to base 5 (To go back type /back
> /back
Enter two numbers in format: {source base} {target base} (To quit type /exit
> 28 8
Enter number in base 28 to convert to base 8 (To go back type /back
> kj.j3b8328ak1ej85k2j59qb5pae
Conversion result: 1103.53551

Enter number in base 28 to convert to base 8 (To go back type /back
> /back
Enter two numbers in format: {source base} {target base} (To quit type /exit
> 28 11
Enter number in base 28 to convert to base 11 (To go back type /back
> 8h.6ga342bb42hben24m6e1q7ak3e
Conversion result: 1AA.264AA

Enter number in base 28 to convert to base 11 (To go back type /back
> /back
Enter two numbers in format: {source base} {target base} (To quit type /exit
> 28 14
Enter number in base 28 to convert to base 14 (To go back type /back
> bm.9dgai6ol0h6e8mimckgq4e957
Conversion result: 198.4A57B

Enter number in base 28 to convert to base 14 (To go back type /back
> /back
Enter two numbers in format: {source base} {target base} (To quit type /exit
> 28 17
Enter number in base 28 to convert to base 17 (To go back type /back
> nn.or20ebc672fh2ag903ibgmo1l
Conversion result: 254.F2BE0

Enter number in base 28 to convert to base 17 (To go back type /back
> /back
Enter two numbers in format: {source base} {target base} (To quit type /exit
> 28 20
Enter number in base 28 to convert to base 20 (To go back type /back
> 14a.l39giloi5a1kpnop9makq7lc7
Conversion result: 256.F1E34

Enter number in base 28 to convert to base 20 (To go back type /back
> /back
Enter two numbers in format: {source base} {target base} (To quit type /exit
> 28 23
Enter number in base 28 to convert to base 23 (To go back type /back
> 9e.qk898anf2fagiejmlbdmlqm8l
Conversion result: BD.LLL0J

Enter number in base 28 to convert to base 23 (To go back type /back
> /back
Enter two numbers in format: {source base} {target base} (To quit type /exit
> 28 26
Enter number in base 28 to convert to base 26 (To go back type /back
> 15r.ef27d8b5fmoim4b5lf28clf8l
Conversion result: 1AF.DD045

Enter number in base 28 to convert to base 26 (To go back type /back
> /back
Enter two numbers in format: {source base} {target base} (To quit type /exit
> 28 29
Enter number in base 28 to convert to base 29 (To go back type /back
> f6.hfka85bqnqc7lp5q20l8fn88l
Conversion result: EK.I5E0K

Enter number in base 28 to convert to base 29 (To go back type /back
> /back
Enter two numbers in format: {source base} {target base} (To quit type /exit
> 28 32
Enter number in base 28 to convert to base 32 (To go back type /back
> no.hkbmkrg06f180cf4of3p9f5j7
Conversion result: KS.K8CMA

Enter number in base 28 to convert to base 32 (To go back type /back
> /back
Enter two numbers in format: {source base} {target base} (To quit type /exit
> 28 35
Enter number in base 28 to convert to base 35 (To go back type /back
> 3l.q7hej3g3dne2rjam2kdn1roq7
Conversion result: 30.WTELF

Enter number in base 28 to convert to base 35 (To go back type /back
> /back
Enter two numbers in format: {source base} {target base} (To quit type /exit
> 31 2
Enter number in base 31 to convert to base 2 (To go back type /back
> sj.l5i2e3ug7c2j3f4b1im4mnoc8p3o81r
Conversion result: 1101110111.10101

Enter number in base 31 to convert to base 2 (To go back type /back
> /back
Enter two numbers in format: {source base} {target base} (To quit type /exit
> 31 5
Enter number in base 31 to convert to base 5 (To go back type /back
> ge.ci3puf0nddf8ba44mic49k29hluqi0m
Conversion result: 4020.20033

Enter number in base 31 to convert to base 5 (To go back type /back
> /back
Enter two numbers in format: {source base} {target base} (To quit type /exit
> 31 8
Enter number in base 31 to convert to base 8 (To go back type /back
> pk.3ldrikt5kjsr2ib7q4be84h4fr7k3ln
Conversion result: 1433.07476

Enter number in base 31 to convert to base 8 (To go back type /back
> /back
Enter two numbers in format: {source base} {target base} (To quit type /exit
> 31 11
Enter number in base 31 to convert to base 11 (To go back type /back
> gd.q3fqpcpnit6c717gg4jofh9bt5dstak
Conversion result: 423.92A21

Enter number in base 31 to convert to base 11 (To go back type /back
> /back
Enter two numbers in format: {source base} {target base} (To quit type /exit
> 31 14
Enter number in base 31 to convert to base 14 (To go back type /back
> ck.7a0kfl708nkdjlotedfpt43ks9pf72s
Conversion result: 200.34435

Enter number in base 31 to convert to base 14 (To go back type /back
> /back
Enter two numbers in format: {source base} {target base} (To quit type /exit
> 31 17
Enter number in base 31 to convert to base 17 (To go back type /back
> l6.jbldq30tpqpn75djospo40ae9qqu73j
Conversion result: 24B.AAAG8

Enter number in base 31 to convert to base 17 (To go back type /back
> /back
Enter two numbers in format: {source base} {target base} (To quit type /exit
> 31 20
Enter number in base 31 to convert to base 20 (To go back type /back
> bu.rlgk5hdaci347fhus82raq4frrpr74b
Conversion result: IB.HH70G

Enter number in base 31 to convert to base 20 (To go back type /back
> /back
Enter two numbers in format: {source base} {target base} (To quit type /exit
> 31 23
Enter number in base 31 to convert to base 23 (To go back type /back
> b8.9k0fifp70202pkdtkfsn5if9hdt5tt9
Conversion result: F4.73DK7

Enter number in base 31 to convert to base 23 (To go back type /back
> /back
Enter two numbers in format: {source base} {target base} (To quit type /exit
> 31 26
Enter number in base 31 to convert to base 26 (To go back type /back
> ph.8aeeqirlbam12774cbs5og8m7tj7k8a
Conversion result: 14C.6PL66

Enter number in base 31 to convert to base 26 (To go back type /back
> /back
Enter two numbers in format: {source base} {target base} (To quit type /exit
> 31 29
Enter number in base 31 to convert to base 29 (To go back type /back
> 77.t8hlearggt1do9j2fi9aqkiooghd12g
Conversion result: 7L.RB767

Enter number in base 31 to convert to base 29 (To go back type /back
> /back
Enter two numbers in format: {source base} {target base} (To quit type /exit
> 31 32
Enter number in base 31 to convert to base 32 (To go back type /back
> cl.55s56oan7c837hflppbcd6609ma3u19
Conversion result: C9.5BELI

Enter number in base 31 to convert to base 32 (To go back type /back
> /back
Enter two numbers in format: {source base} {target base} (To quit type /exit
> 31 35
Enter number in base 31 to convert to base 35 (To go back type /back
> ir.11djn9dl58p0da7as1agnl1o9ogncp2
Conversion result: GP.16CG3

Enter number in base 31 to convert to base 35 (To go back type /back
> /back
Enter two numbers in format: {source base} {target base} (To quit type /exit
> 34 2
Enter number in base 34 to convert to base 2 (To go back type /back
> ag.4ld4btk855jmx2olmbe75b83a5vwlrmp4p
Conversion result: 101100100.00100

Enter number in base 34 to convert to base 2 (To go back type /back
> /back
Enter two numbers in format: {source base} {target base} (To quit type /exit
> 34 5
Enter number in base 34 to convert to base 5 (To go back type /back
> v.0g1hou3laqeqlfjf2xv9gc89v3wr2hewk3
Conversion result: 111.00133

Enter number in base 34 to convert to base 5 (To go back type /back
> /back
Enter two numbers in format: {source base} {target base} (To quit type /exit
> 34 8
Enter number in base 34 to convert to base 8 (To go back type /back
> 6d.cuoldbqaxxvee6tj8gqchpll7q3shh2a2l
Conversion result: 331.30224

Enter number in base 34 to convert to base 8 (To go back type /back
> /back
Enter two numbers in format: {source base} {target base} (To quit type /exit
> 34 11
Enter number in base 34 to convert to base 11 (To go back type /back
> 8i.nh82vog5pggaq3gcfxeu5xj1fn7i28gs6f
Conversion result: 244.76727

Enter number in base 34 to convert to base 11 (To go back type /back
> /back
Enter two numbers in format: {source base} {target base} (To quit type /exit
> 34 14
Enter number in base 34 to convert to base 14 (To go back type /back
> io.5b3w72ovjdb0hjd8h6jl94pqc0rdnq9b23
Conversion result: 336.229D0

Enter number in base 34 to convert to base 14 (To go back type /back
> /back
Enter two numbers in format: {source base} {target base} (To quit type /exit
> 34 17
Enter number in base 34 to convert to base 17 (To go back type /back
[...]
> 19 26
Enter number in base 19 to convert to base 26 (To go back type /back
> 2243i284i330.ch925619gdchcgig97c6e681fg
Conversion result: 1JAMPGF8LNB.HHHM6

Enter number in base 19 to convert to base 26 (To go back type /back
> /back
Enter two numbers in format: {source base} {target base} (To quit type /exit
> 19 29
Enter number in base 19 to convert to base 29 (To go back type /back
> 2c8i89g6670f.h1h1h1h1h1h214cab00f289h6g
Conversion result: L9H4AP9S2A.Q2Q9S

Enter number in base 19 to convert to base 29 (To go back type /back
> /back
Enter two numbers in format: {source base} {target base} (To quit type /exit
> 19 32
Enter number in base 19 to convert to base 32 (To go back type /back
> 13ea7ga6h94g.437ibefb074376cd1b78721fa0
Conversion result: 3UU838A4UJ.718UN

Enter number in base 19 to convert to base 32 (To go back type /back
> /back
Enter two numbers in format: {source base} {target base} (To quit type /exit
> 19 35
Enter number in base 19 to convert to base 35 (To go back type /back
> 3f7h8d316haf.i0i0i0i0i0i10bfef007ade8ch
Conversion result: 5M5ROM12OB.X8QNQ

Enter number in base 19 to convert to base 35 (To go back type /back
> /back
Enter two numbers in format: {source base} {target base} (To quit type /exit
> 22 2
Enter number in base 22 to convert to base 2 (To go back type /back
> 50fkhdfa95f.beb9el2e1gfic8b4fcabaecgai
Conversion result: 11110011001001110001101010001011000101010000001.10000

Enter number in base 22 to convert to base 2 (To go back type /back
> /back
Enter two numbers in format: {source base} {target base} (To quit type /exit
> 22 5
Enter number in base 22 to convert to base 5 (To go back type /back
> 5h11a91fc8b.edik563b9el322hejddj3e42ff
Conversion result: 130101001301304111312.31303

Enter number in base 22 to convert to base 5 (To go back type /back
> /back
Enter two numbers in format: {source base} {target base} (To quit type /exit
> 22 8
Enter number in base 22 to convert to base 8 (To go back type /back
> 54lk4elb71k.i36d48hd48hc82jik74h384b19
Conversion result: 3744207227157176.64631

Enter number in base 22 to convert to base 8 (To go back type /back
> /back
Enter two numbers in format: {source base} {target base} (To quit type /exit
> 22 11
Enter number in base 22 to convert to base 11 (To go back type /back
> 752l8h30521.j0eb9el2e1ggb21febi3j6dlki
Conversion result: 56240200941941.95736

Enter number in base 22 to convert to base 11 (To go back type /back
> /back
Enter two numbers in format: {source base} {target base} (To quit type /exit
> 22 14
Enter number in base 22 to convert to base 14 (To go back type /back
> 8bg3g5dlljf.53g63b9el2e1fhg8e4gg5efdgc
Conversion result: 3DD7A880796A1.340C2

Enter number in base 22 to convert to base 14 (To go back type /back
> /back
Enter two numbers in format: {source base} {target base} (To quit type /exit
> 22 17
Enter number in base 22 to convert to base 17 (To go back type /back
> jke91da9d6.fg170j7k563ae73a62a0jfaj6
Conversion result: BFGCC3E6CF4.C2AD8

Enter number in base 22 to convert to base 17 (To go back type /back
> /back
Enter two numbers in format: {source base} {target base} (To quit type /exit
> 22 20
Enter number in base 22 to convert to base 20 (To go back type /back
> 548fd537ci0.jhd48hd48hd4hkc1bi8d96jga6
Conversion result: D9EFFGF985G.I001C

Enter number in base 22 to convert to base 20 (To go back type /back
> /back
Enter two numbers in format: {source base} {target base} (To quit type /exit
> 22 23
Enter number in base 22 to convert to base 23 (To go back type /back
> 62l1380i1kk.7f8hd48hd48h419ka3d8cf25bf
Conversion result: 3LACB187562.813A8

Enter number in base 22 to convert to base 23 (To go back type /back
> /back
Enter two numbers in format: {source base} {target base} (To quit type /exit
> 22 26
Enter number in base 22 to convert to base 26 (To go back type /back
> c3bk9a10kf.453g63b9el2e5j3520ceiahf2
Conversion result: 2I7O6LPG6B.503EB

Enter number in base 22 to convert to base 26 (To go back type /back
> /back
Enter two numbers in format: {source base} {target base} (To quit type /exit
> 22 29
Enter number in base 22 to convert to base 29 (To go back type /back
> c6437f98h96.jhd48hd48hd4hkc1bi8d96jga6
Conversion result: ME1L73H7CK.Q2Q9S

Enter number in base 22 to convert to base 29 (To go back type /back
> /back
Enter two numbers in format: {source base} {target base} (To quit type /exit
> 22 32
Enter number in base 22 to convert to base 32 (To go back type /back
> 456j22h6a49.lh3b9el2e1ggb21febi3j6dlki
Conversion result: 36EK6QIR59.VLOKN

Enter number in base 22 to convert to base 32 (To go back type /back
> /back
Enter two numbers in format: {source base} {target base} (To quit type /exit
> 22 35
Enter number in base 22 to convert to base 35 (To go back type /back
> 79i7ljl52j6.jhd48hd48hd4hkc1bi8d96jga6
Conversion result: 2HT7DSVCWF.VHHWH

Enter number in base 22 to convert to base 35 (To go back type /back
> /back
Enter two numbers in format: {source base} {target base} (To quit type /exit
> 25 2
Enter number in base 25 to convert to base 2 (To go back type /back
> 28f1lfknak8.20000
Conversion result: 110010110101000111100111111111001101101001100111.00010

Enter number in base 25 to convert to base 2 (To go back type /back
> /back
Enter two numbers in format: {source base} {target base} (To quit type /exit
> 25 5
Enter number in base 25 to convert to base 5 (To go back type /back
> 7b55fcmohg.j999999999999999999999999
Conversion result: 12211010302242443231.34141

Enter number in base 25 to convert to base 5 (To go back type /back
> /back
Enter two numbers in format: {source base} {target base} (To quit type /exit
> 25 8
Enter number in base 25 to convert to base 8 (To go back type /back
> 47blf0gn4a8.niiiiiiiiiiiiiiiiiiiiiiiii
Conversion result: 13516022607431177.74631

Enter number in base 25 to convert to base 8 (To go back type /back
> /back
Enter two numbers in format: {source base} {target base} (To quit type /exit
> 25 11
Enter number in base 25 to convert to base 11 (To go back type /back
> 4kegghc0nh.h83333333331aj88fll57emh0
Conversion result: 5954473273503.76942

Enter number in base 25 to convert to base 11 (To go back type /back
> /back
Enter two numbers in format: {source base} {target base} (To quit type /exit
> 25 14
Enter number in base 25 to convert to base 14 (To go back type /back
> 15gaocondoc.b0000
Conversion result: 20C45429A0124.62350

Enter number in base 25 to convert to base 14 (To go back type /back
> /back
Enter two numbers in format: {source base} {target base} (To quit type /exit
> 25 17
Enter number in base 25 to convert to base 17 (To go back type /back
> 546hofm6gao.2ccccccccccccccccccccccccc
Conversion result: E6A4C1518E37.1BF5F

Enter number in base 25 to convert to base 17 (To go back type /back
> /back
Enter two numbers in format: {source base} {target base} (To quit type /exit
> 25 20
Enter number in base 25 to convert to base 20 (To go back type /back
> 235h0e10l8.kb6666666664dmbbioo8ai0k
Conversion result: FH53C7H1J3.G7400

Enter number in base 25 to convert to base 20 (To go back type /back
> /back
Enter two numbers in format: {source base} {target base} (To quit type /exit
> 25 23
Enter number in base 25 to convert to base 23 (To go back type /back
> 358e11gm0d8.cccccccccccccccccccccccccc
Conversion result: 793F1DGA0F6.BBBE6

Enter number in base 25 to convert to base 23 (To go back type /back
> /back
Enter two numbers in format: {source base} {target base} (To quit type /exit
> 25 26
Enter number in base 25 to convert to base 26 (To go back type /back
> 9a0d3ngb03.1cccccccccccccccccccccccc
Conversion result: 6FINLP2936.1EEJ3

Enter number in base 25 to convert to base 26 (To go back type /back
> /back
Enter two numbers in format: {source base} {target base} (To quit type /exit
> 25 29
Enter number in base 25 to convert to base 29 (To go back type /back
> 2mlc6c97lno.66666666666666666666666666
Conversion result: J4HCB8HNA6.777E9

Enter number in base 25 to convert to base 29 (To go back type /back
> /back
Enter two numbers in format: {source base} {target base} (To quit type /exit
> 25 32
Enter number in base 25 to convert to base 32 (To go back type /back
> 21mb9n662lg.jccccccccccccccccccccccccc
Conversion result: 5K1RI8U7S7.OUNBO

Enter number in base 25 to convert to base 32 (To go back type /back
> /back
Enter two numbers in format: {source base} {target base} (To quit type /exit
> 25 35
Enter number in base 25 to convert to base 35 (To go back type /back
> fe3cd5i1dh.hcccccccccccccccccccccccc
Conversion result: QCV4KJ6OR.OHHWH

Enter number in base 25 to convert to base 35 (To go back type /back
> /back
Enter two numbers in format: {source base} {target base} (To quit type /exit
> 28 2
Enter number in base 28 to convert to base 2 (To go back type /back
> 81ppc4c96c.qohpl7nefj0n325halpidl31l
Conversion result: 10011011010000101000100001101000100010101000100.11110

Enter number in base 28 to convert to base 2 (To go back type /back
> /back
Enter two numbers in format: {source base} {target base} (To quit type /exit
> 28 5
Enter number in base 28 to convert to base 5 (To go back type /back
> mgcalppaqo.oa26k4dc8qod5l75q4eifo1l
Conversion result: 222304224432412210211.41333

Enter number in base 28 to convert to base 5 (To go back type /back
> /back
Enter two numbers in format: {source base} {target base} (To quit type /exit
> 28 8
Enter number in base 28 to convert to base 8 (To go back type /back
> me2mgjgmpe.p5gmb5gmb5gge5g0bji95n257
Conversion result: 6610102036472452.71463

Enter number in base 28 to convert to base 8 (To go back type /back
> /back
Enter two numbers in format: {source base} {target base} (To quit type /exit
> 28 11
Enter number in base 28 to convert to base 11 (To go back type /back
> omlm4qehpk.b5gmb5gmb5h36jhracee57ak3e
Conversion result: 76700889876886.44444

Enter number in base 28 to convert to base 11 (To go back type /back
> /back
Enter two numbers in format: {source base} {target base} (To quit type /exit
> 28 14
Enter number in base 28 to convert to base 14 (To go back type /back
> 11of685qok1.fb5gmb5gmb66db7qkp10aelc7
Conversion result: 5808B2AAB50C1.79B32

Enter number in base 28 to convert to base 14 (To go back type /back
> /back
Enter two numbers in format: {source base} {target base} (To quit type /exit
> 28 17
Enter number in base 28 to convert to base 17 (To go back type /back
> b0db8faoe.gdal1fp8kh13f703g4gbd50o
Conversion result: 211B8G1CD0D.A0151

Enter number in base 28 to convert to base 17 (To go back type /back
> /back
Enter two numbers in format: {source base} {target base} (To quit type /exit
> 28 20
Enter number in base 28 to convert to base 20 (To go back type /back
> 153pf1r38ff.qgmb5gmb5gllegk172qrhd6fl
Conversion result: 1E4E09J6HIDF.J0000

Enter number in base 28 to convert to base 20 (To go back type /back
> /back
Enter two numbers in format: {source base} {target base} (To quit type /exit
> 28 23
Enter number in base 28 to convert to base 23 (To go back type /back
> 15c7j1b3jei.70000
Conversion result: 8C8LG37GJFB.5H5H5

Enter number in base 28 to convert to base 23 (To go back type /back
> /back
Enter two numbers in format: {source base} {target base} (To quit type /exit
> 28 26
Enter number in base 28 to convert to base 26 (To go back type /back
> 75jb3q0bfh.i5gmb5gmb5gge5g0bji95n257
Conversion result: E0N6P4CL1N.GNAAA

Enter number in base 28 to convert to base 26 (To go back type /back
> /back
Enter two numbers in format: {source base} {target base} (To quit type /exit
> 28 29
Enter number in base 28 to convert to base 29 (To go back type /back
> d7jmrm687m.fb5gmb5gmb66db7qkp10aelc7
Conversion result: 9JL177N829.FRG5I

Enter number in base 28 to convert to base 29 (To go back type /back
> /back
Enter two numbers in format: {source base} {target base} (To quit type /exit
> 28 32
Enter number in base 28 to convert to base 32 (To go back type /back
> 18mijopo2mc.9mb5gmb5gmaol8a0hfddmkh7oe
Conversion result: B24MA2LMSK.B6CPJ

Enter number in base 28 to convert to base 32 (To go back type /back
> /back
Enter two numbers in format: {source base} {target base} (To quit type /exit
> 28 35
Enter number in base 28 to convert to base 35 (To go back type /back
> ehj7lgo251.0bl7nefj13a24qid5k8jdqqeia
Conversion result: 1XPOJ1RXB1.0ID4D

Enter number in base 28 to convert to base 35 (To go back type /back
> /back
Enter two numbers in format: {source base} {target base} (To quit type /exit
> 31 2
Enter number in base 31 to convert to base 2 (To go back type /back
> g7kqqkok5o.99999999998d6omo3pkj2hoje2
Conversion result: 1100001101011001011111100111100101010101111100110.01001

Enter number in base 31 to convert to base 2 (To go back type /back
> /back
Enter two numbers in format: {source base} {target base} (To quit type /exit
> 31 5
Enter number in base 31 to convert to base 5 (To go back type /back
> 40re88p68d.m09is6fp3ckbngmbdqmedi744g
Conversion result: 102430111123302304033.32333

Enter number in base 31 to convert to base 5 (To go back type /back
> /back
Enter two numbers in format: {source base} {target base} (To quit type /exit
> 31 8
Enter number in base 31 to convert to base 8 (To go back type /back
> 47min946ip.hphphphphph7g4qp3q4lnks0bi
Conversion result: 3142725423603532.44631

Enter number in base 31 to convert to base 8 (To go back type /back
> /back
Enter two numbers in format: {source base} {target base} (To quit type /exit
> 31 11
Enter number in base 31 to convert to base 11 (To go back type /back
> fetpbjf5es.rrrrrrrrrrtk1s0t7q58aasafj
Conversion result: 1094846207A75A2.999A0

Enter number in base 31 to convert to base 11 (To go back type /back
> /back
Enter two numbers in format: {source base} {target base} (To quit type /exit
> 31 14
Enter number in base 31 to convert to base 14 (To go back type /back
> 5du50qt13a.4k4k4k4k4k47aee0pmhadopr86
Conversion result: 278332C9A6192.21585

Enter number in base 31 to convert to base 14 (To go back type /back
> /back
Enter two numbers in format: {source base} {target base} (To quit type /exit
> 31 17
Enter number in base 31 to convert to base 17 (To go back type /back
> e1ana5r1ts.lllllllllll3k0ul7m8hrh0rfe
Conversion result: AE30BB7EE075.BF51B

Enter number in base 31 to convert to base 17 (To go back type /back
> /back
Enter two numbers in format: {source base} {target base} (To quit type /exit
> 31 20
Enter number in base 31 to convert to base 20 (To go back type /back
> 8p9a9ddca6.behknqu258bunsbj00g7197jbh
Conversion result: 12F5653E1B35.78000

Enter number in base 31 to convert to base 20 (To go back type /back
> /back
Enter two numbers in format: {source base} {target base} (To quit type /exit
> 31 23
Enter number in base 31 to convert to base 23 (To go back type /back
> ba3ume043m.66666666666am3je1t9es0amac
Conversion result: 7563L4B86J5.4DI94

Enter number in base 31 to convert to base 23 (To go back type /back
> /back
Enter two numbers in format: {source base} {target base} (To quit type /exit
> 31 26
Enter number in base 31 to convert to base 26 (To go back type /back
> 9m5dr8n9a8.333333333335b1p70u4mtfkqm4
Conversion result: 1L81FAM6E42.2FFFF

Enter number in base 31 to convert to base 26 (To go back type /back
> /back
Enter two numbers in format: {source base} {target base} (To quit type /exit
> 31 29
Enter number in base 31 to convert to base 29 (To go back type /back
> e7ur1n2noq.00000
Conversion result: PSGLEIDEH1.00000

Enter number in base 31 to convert to base 29 (To go back type /back
> /back
Enter two numbers in format: {source base} {target base} (To quit type /exit
> 31 32
Enter number in base 31 to convert to base 32 (To go back type /back
> bni57us53n.00000
Conversion result: 8QPSQKF83J.00000

Enter number in base 31 to convert to base 32 (To go back type /back
> /back
Enter two numbers in format: {source base} {target base} (To quit type /exit
> 31 35
Enter number in base 31 to convert to base 35 (To go back type /back
> bjj6rfpsoc.1h1h1h1h1h1hjim8200u5b66qn
Conversion result: 3VKF41QPQ1.1Q8Q8

Enter number in base 31 to convert to base 35 (To go back type /back
> /back
Enter two numbers in format: {source base} {target base} (To quit type /exit
> 34 2
Enter number in base 34 to convert to base 2 (To go back type /back
> 1smn1hulgu.3dkdkdkdkdl4i7obmvttaegr1s
Conversion result: 11001011100100000100111110011011101010011110010.00011

Enter number in base 34 to convert to base 2 (To go back type /back
> /back
Enter two numbers in format: {source base} {target base} (To quit type /exit
> 34 5
Enter number in base 34 to convert to base 5 (To go back type /back
> 5mkaaopol2.1nr6r6r6r6rfkeok438ibn3vim
Conversion result: 330040043212022140221.01111

Enter number in base 34 to convert to base 5 (To go back type /back
> /back
Enter two numbers in format: {source base} {target base} (To quit type /exit
> 34 8
Enter number in base 34 to convert to base 8 (To go back type /back
> 10a44oh56v.1tjogatv9hnf7pf9l1swa8tuu
Conversion result: 1573221617105607.03412

Enter number in base 34 to convert to base 8 (To go back type /back
> /back
Enter two numbers in format: {source base} {target base} (To quit type /exit
> 34 11
Enter number in base 34 to convert to base 11 (To go back type /back
> ucbj54did.m3dkdkdkdkgi4utcnphf7nx67
Conversion result: 1630544A048A04.71718

Enter number in base 34 to convert to base 11 (To go back type /back
> /back
Enter two numbers in format: {source base} {target base} (To quit type /exit
> 34 14
Enter number in base 34 to convert to base 14 (To go back type /back
> ro3j5pncr.i6flpsj1c882orqes5wnuox8x
Conversion result: C30D743879D5.76C0D

Enter number in base 34 to convert to base 14 (To go back type /back
> /back
Enter two numbers in format: {source base} {target base} (To quit type /exit
> 34 17
Enter number in base 34 to convert to base 17 (To go back type /back
> 42a7eg5i5c.00000
Conversion result: 738AFG43A4AC.00000

Enter number in base 34 to convert to base 17 (To go back type /back
> /back
Enter two numbers in format: {source base} {target base} (To quit type /exit
> 34 20
Enter number in base 34 to convert to base 20 (To go back type /back
> 5ggpkgiead.1nr6r6r6r6rfkeok438ibn3vim
Conversion result: 1CA95C72ED15.1001C

Enter number in base 34 to convert to base 20 (To go back type /back
> /back
Enter two numbers in format: {source base} {target base} (To quit type /exit
> 34 23
Enter number in base 34 to convert to base 23 (To go back type /back
> 4erdcc8hjk.ukdkdkdkdkgi4utcnphf7nx67d
Conversion result: 6BBLLCJGI65.KG29G

Enter number in base 34 to convert to base 23 (To go back type /back
> /back
Enter two numbers in format: {source base} {target base} (To quit type /exit
> 34 26
Enter number in base 34 to convert to base 26 (To go back type /back
> 1keb7bfgdb.m3dkdkdkdkgi4utcnphf7nx67
Conversion result: HNA206F6H3.GNAEP

Enter number in base 34 to convert to base 26 (To go back type /back
> /back
Enter two numbers in format: {source base} {target base} (To quit type /exit
> 34 29
Enter number in base 34 to convert to base 29 (To go back type /back
> 2ae6ld0kg2.kdkdkdkdkdhft34la8giqa0rqk
Conversion result: 9IR511Q5I0.HBHBH

Enter number in base 34 to convert to base 29 (To go back type /back
> /back
Enter two numbers in format: {source base} {target base} (To quit type /exit
> 34 32
Enter number in base 34 to convert to base 32 (To go back type /back
> 51isa9lih0.6r6r6r6r6r892fenbtpoksxk3n
Conversion result: 8MK7SG0842.6CPTL

Enter number in base 34 to convert to base 32 (To go back type /back
> /back
Enter two numbers in format: {source base} {target base} (To quit type /exit
> 34 35
Enter number in base 34 to convert to base 35 (To go back type /back
> 5oodjfa619.ukdkdkdkdkgi4utcnphf7nx67d
Conversion result: 4EEJK47NW8.VHHWH

Enter number in base 34 to convert to base 35 (To go back type /back
> /back
Enter two numbers in format: {source base} {target base} (To quit type /exit
> /exit
]]></system-out>
  <system-err><![CDATA[]]></system-err>
</testsuite>
